2018-04-13 02:34:03 +0000 [MT] Initial pipeline context: <IDEDistributionProcessingPipelineContext: 0x7fd9ac36a230; archive(resolved)='<IDEArchive: 0x7fd9a74639b0>', distributionTask(resolved)='2', distributionMethod(resolved)='<IDEDistributionMethodiOSEnterprise: 0x7fd9ac17f610>', team(resolved)='<IDEProvisioningBasicTeam 0x7fd9a74d3ca0: teamID: 77MMW6NR5H, teamName: Beijing Bitauto Interactive Advertising Co., Ltd>'>
	Chain (11, self inclusive):
	<IDEDistributionProcessingPipelineContext: 0x7fd9ac36a230; archive = '<IDEArchive: 0x7fd9a74639b0>', distributionMethod='<IDEDistributionMethodiOSEnterprise: 0x7fd9ac17f610>', team='<IDEProvisioningBasicTeam 0x7fd9a74d3ca0: teamID: 77MMW6NR5H, teamName: Beijing Bitauto Interactive Advertising Co., Ltd>'>
	<IDEDistributionProcessingPipelineContext: 0x7fd9ac36aa70; archive = '<IDEArchive: 0x7fd9a74639b0>', distributionMethod='<IDEDistributionMethodiOSEnterprise: 0x7fd9ac17f610>', team='<IDEProvisioningBasicTeam 0x7fd9a74d3ca0: teamID: 77MMW6NR5H, teamName: Beijing Bitauto Interactive Advertising Co., Ltd>'>
	<IDEDistributionContext: 0x7fd9ac368eb0; archive = '<IDEArchive: 0x7fd9a74639b0>', distributionMethod='<IDEDistributionMethodiOSEnterprise: 0x7fd9ac17f610>', team='<IDEProvisioningBasicTeam 0x7fd9a74d3ca0: teamID: 77MMW6NR5H, teamName: Beijing Bitauto Interactive Advertising Co., Ltd>'>
	<IDEDistributionContext: 0x7fd9ac365cd0; archive = '<IDEArchive: 0x7fd9a74639b0>', distributionMethod='<IDEDistributionMethodiOSEnterprise: 0x7fd9ac17f610>', team='<IDEProvisioningBasicTeam 0x7fd9a74d3ca0: teamID: 77MMW6NR5H, teamName: Beijing Bitauto Interactive Advertising Co., Ltd>'>
	<IDEDistributionContext: 0x7fd9ac365b90; archive = '<IDEArchive: 0x7fd9a74639b0>', distributionMethod='<IDEDistributionMethodiOSEnterprise: 0x7fd9ac17f610>', team='<IDEProvisioningBasicTeam 0x7fd9a74d3ca0: teamID: 77MMW6NR5H, teamName: Beijing Bitauto Interactive Advertising Co., Ltd>'>
	<IDEDistributionContext: 0x7fd9ac364770; archive = '<IDEArchive: 0x7fd9a74639b0>', distributionMethod='<IDEDistributionMethodiOSEnterprise: 0x7fd9ac17f610>', team='<IDEProvisioningBasicTeam 0x7fd9a74d3ca0: teamID: 77MMW6NR5H, teamName: Beijing Bitauto Interactive Advertising Co., Ltd>'>
	<IDEDistributionContext: 0x7fd9ac3616e0; archive = '<IDEArchive: 0x7fd9a74639b0>', distributionMethod='<IDEDistributionMethodiOSEnterprise: 0x7fd9ac17f610>', team='<IDEProvisioningBasicTeam 0x7fd9a74d3ca0: teamID: 77MMW6NR5H, teamName: Beijing Bitauto Interactive Advertising Co., Ltd>'>
	<IDEDistributionContext: 0x7fd9ac360840; archive = '<IDEArchive: 0x7fd9a74639b0>', distributionMethod='<IDEDistributionMethodiOSEnterprise: 0x7fd9ac17f610>', team='<IDEProvisioningBasicTeam 0x7fd9a74d3ca0: teamID: 77MMW6NR5H, teamName: Beijing Bitauto Interactive Advertising Co., Ltd>'>
	<IDEDistributionContext: 0x7fd9ac313320; archive = '<IDEArchive: 0x7fd9a74639b0>', distributionMethod='<IDEDistributionMethodiOSEnterprise: 0x7fd9ac17f610>', team='<IDEProvisioningBasicTeam 0x7fd9a74d3ca0: teamID: 77MMW6NR5H, teamName: Beijing Bitauto Interactive Advertising Co., Ltd>'>
	<IDEDistributionContext: 0x7fd9a880d5a0; archive = '<IDEArchive: 0x7fd9a74639b0>', distributionMethod='<IDEDistributionMethodiOSEnterprise: 0x7fd9ac17f610>', team='(null)'>
	<IDEDistributionContext: 0x7fd9a7468de0; archive = '<IDEArchive: 0x7fd9a74639b0>', distributionMethod='(null)', team='(null)'>
</IDEDistributionProcessingPipelineContext: 0x7fd9ac36a230>
2018-04-13 02:34:03 +0000 [MT] Processing step: IDEDistributionCreateDestRootStep
2018-04-13 02:34:03 +0000 [MT] Processing step: IDEDistributionCopyItemStep
2018-04-13 02:34:03 +0000 [MT] Running /usr/bin/ditto '-V' '/Users/Y.C.Lian/Documents/demo/CJDemo/listDemo/Archiving/com.bitone.allApp/listDemo_1_0_0/2018_04_13_10:33:45/listDemo_1_0_0.xcarchive/Products/Applications/listDemo.app' '/var/folders/jl/jq8_sx3n6hs_gxbfbp_bf0x40000gn/T/XcodeDistPipeline.dAT/Root/Payload/listDemo.app'
2018-04-13 02:34:03 +0000  >>> Copying /Users/Y.C.Lian/Documents/demo/CJDemo/listDemo/Archiving/com.bitone.allApp/listDemo_1_0_0/2018_04_13_10:33:45/listDemo_1_0_0.xcarchive/Products/Applications/listDemo.app 
2018-04-13 02:34:03 +0000  copying file ./_CodeSignature/CodeResources ... 
2018-04-13 02:34:03 +0000  18489 bytes for ./_CodeSignature/CodeResources
2018-04-13 02:34:03 +0000  copying file ./archived-expanded-entitlements.xcent ... 
2018-04-13 02:34:03 +0000  372 bytes for ./archived-expanded-entitlements.xcent
2018-04-13 02:34:03 +0000  copying file ./Base.lproj/LaunchScreen.storyboardc/01J-lp-oVM-view-Ze5-6b-2t3.nib ... 
2018-04-13 02:34:03 +0000  1790 bytes for ./Base.lproj/LaunchScreen.storyboardc/01J-lp-oVM-view-Ze5-6b-2t3.nib
2018-04-13 02:34:03 +0000  copying file ./Base.lproj/LaunchScreen.storyboardc/Info.plist ... 
2018-04-13 02:34:03 +0000  258 bytes for ./Base.lproj/LaunchScreen.storyboardc/Info.plist
copying file ./Base.lproj/LaunchScreen.storyboardc/UIViewController-01J-lp-oVM.nib ... 
2018-04-13 02:34:03 +0000  832 bytes for ./Base.lproj/LaunchScreen.storyboardc/UIViewController-01J-lp-oVM.nib
2018-04-13 02:34:03 +0000  copying file ./Base.lproj/Main.storyboardc/BYZ-38-t0r-view-8bC-Xf-vdC~ipad.nib/objects-8.0+.nib ... 
2018-04-13 02:34:03 +0000  3606 bytes for ./Base.lproj/Main.storyboardc/BYZ-38-t0r-view-8bC-Xf-vdC~ipad.nib/objects-8.0+.nib
copying file ./Base.lproj/Main.storyboardc/BYZ-38-t0r-view-8bC-Xf-vdC~ipad.nib/runtime.nib ... 
2018-04-13 02:34:03 +0000  3604 bytes for ./Base.lproj/Main.storyboardc/BYZ-38-t0r-view-8bC-Xf-vdC~ipad.nib/runtime.nib
2018-04-13 02:34:03 +0000  copying file ./Base.lproj/Main.storyboardc/BYZ-38-t0r-view-8bC-Xf-vdC~iphone.nib/objects-8.0+.nib ... 
2018-04-13 02:34:03 +0000  3598 bytes for ./Base.lproj/Main.storyboardc/BYZ-38-t0r-view-8bC-Xf-vdC~iphone.nib/objects-8.0+.nib
copying file ./Base.lproj/Main.storyboardc/BYZ-38-t0r-view-8bC-Xf-vdC~iphone.nib/runtime.nib ... 
2018-04-13 02:34:03 +0000  3601 bytes for ./Base.lproj/Main.storyboardc/BYZ-38-t0r-view-8bC-Xf-vdC~iphone.nib/runtime.nib
2018-04-13 02:34:03 +0000  copying file ./Base.lproj/Main.storyboardc/UINavigationController-zuf-c2-BKH~ipad.nib/objects-8.0+.nib ... 
2018-04-13 02:34:03 +0000  1816 bytes for ./Base.lproj/Main.storyboardc/UINavigationController-zuf-c2-BKH~ipad.nib/objects-8.0+.nib
copying file ./Base.lproj/Main.storyboardc/UINavigationController-zuf-c2-BKH~ipad.nib/runtime.nib ... 
2018-04-13 02:34:03 +0000  1816 bytes for ./Base.lproj/Main.storyboardc/UINavigationController-zuf-c2-BKH~ipad.nib/runtime.nib
2018-04-13 02:34:03 +0000  copying file ./Base.lproj/Main.storyboardc/UINavigationController-zuf-c2-BKH~iphone.nib/objects-8.0+.nib ... 
2018-04-13 02:34:03 +0000  1723 bytes for ./Base.lproj/Main.storyboardc/UINavigationController-zuf-c2-BKH~iphone.nib/objects-8.0+.nib
copying file ./Base.lproj/Main.storyboardc/UINavigationController-zuf-c2-BKH~iphone.nib/runtime.nib ... 
2018-04-13 02:34:03 +0000  1723 bytes for ./Base.lproj/Main.storyboardc/UINavigationController-zuf-c2-BKH~iphone.nib/runtime.nib
2018-04-13 02:34:03 +0000  copying file ./Base.lproj/Main~ipad.storyboardc/Info-8.0+.plist ... 
2018-04-13 02:34:03 +0000  276 bytes for ./Base.lproj/Main~ipad.storyboardc/Info-8.0+.plist
copying file ./Base.lproj/Main~ipad.storyboardc/Info.plist ... 
2018-04-13 02:34:03 +0000  276 bytes for ./Base.lproj/Main~ipad.storyboardc/Info.plist
2018-04-13 02:34:03 +0000  copying file ./Base.lproj/Main~iphone.storyboardc/Info-8.0+.plist ... 
2018-04-13 02:34:03 +0000  276 bytes for ./Base.lproj/Main~iphone.storyboardc/Info-8.0+.plist
2018-04-13 02:34:03 +0000  copying file ./Base.lproj/Main~iphone.storyboardc/Info.plist ... 
2018-04-13 02:34:03 +0000  276 bytes for ./Base.lproj/Main~iphone.storyboardc/Info.plist
2018-04-13 02:34:03 +0000  copying file ./embedded.mobileprovision ... 
2018-04-13 02:34:03 +0000  7551 bytes for ./embedded.mobileprovision
2018-04-13 02:34:03 +0000  copying file ./icon_weixuanze_nor@2x.png ... 
2018-04-13 02:34:03 +0000  207 bytes for ./icon_weixuanze_nor@2x.png
2018-04-13 02:34:03 +0000  copying file ./icon_weixuanze_nor@3x.png ... 
2018-04-13 02:34:03 +0000  299 bytes for ./icon_weixuanze_nor@3x.png
2018-04-13 02:34:03 +0000  copying file ./icon_xuanze_nor@2x.png ... 
2018-04-13 02:34:03 +0000  579 bytes for ./icon_xuanze_nor@2x.png
2018-04-13 02:34:03 +0000  copying file ./icon_xuanze_nor@3x.png ... 
2018-04-13 02:34:03 +0000  779 bytes for ./icon_xuanze_nor@3x.png
2018-04-13 02:34:03 +0000  copying file ./Info.plist ... 
2018-04-13 02:34:03 +0000  1203 bytes for ./Info.plist
2018-04-13 02:34:03 +0000  copying file ./IQKeyboardManager.bundle/de.lproj/IQKeyboardManager.strings ... 
2018-04-13 02:34:03 +0000  489 bytes for ./IQKeyboardManager.bundle/de.lproj/IQKeyboardManager.strings
2018-04-13 02:34:03 +0000  copying file ./IQKeyboardManager.bundle/en.lproj/IQKeyboardManager.strings ... 
2018-04-13 02:34:03 +0000  474 bytes for ./IQKeyboardManager.bundle/en.lproj/IQKeyboardManager.strings
2018-04-13 02:34:03 +0000  copying file ./IQKeyboardManager.bundle/es.lproj/IQKeyboardManager.strings ... 
2018-04-13 02:34:03 +0000  496 bytes for ./IQKeyboardManager.bundle/es.lproj/IQKeyboardManager.strings
2018-04-13 02:34:03 +0000  copying file ./IQKeyboardManager.bundle/fr.lproj/IQKeyboardManager.strings ... 
2018-04-13 02:34:03 +0000  497 bytes for ./IQKeyboardManager.bundle/fr.lproj/IQKeyboardManager.strings
2018-04-13 02:34:03 +0000  copying file ./IQKeyboardManager.bundle/IQButtonBarArrowLeft.png ... 
2018-04-13 02:34:03 +0000  886 bytes for ./IQKeyboardManager.bundle/IQButtonBarArrowLeft.png
2018-04-13 02:34:03 +0000  copying file ./IQKeyboardManager.bundle/IQButtonBarArrowLeft@2x.png ... 
2018-04-13 02:34:03 +0000  1793 bytes for ./IQKeyboardManager.bundle/IQButtonBarArrowLeft@2x.png
copying file ./IQKeyboardManager.bundle/IQButtonBarArrowLeft@3x.png ... 
2018-04-13 02:34:03 +0000  1815 bytes for ./IQKeyboardManager.bundle/IQButtonBarArrowLeft@3x.png
2018-04-13 02:34:03 +0000  copying file ./IQKeyboardManager.bundle/IQButtonBarArrowRight.png ... 
2018-04-13 02:34:03 +0000  943 bytes for ./IQKeyboardManager.bundle/IQButtonBarArrowRight.png
2018-04-13 02:34:03 +0000  copying file ./IQKeyboardManager.bundle/IQButtonBarArrowRight@2x.png ... 
2018-04-13 02:34:03 +0000  1786 bytes for ./IQKeyboardManager.bundle/IQButtonBarArrowRight@2x.png
2018-04-13 02:34:03 +0000  copying file ./IQKeyboardManager.bundle/IQButtonBarArrowRight@3x.png ... 
2018-04-13 02:34:03 +0000  1844 bytes for ./IQKeyboardManager.bundle/IQButtonBarArrowRight@3x.png
2018-04-13 02:34:03 +0000  copying file ./IQKeyboardManager.bundle/zh-Hans/IQKeyboardManager.strings ... 
2018-04-13 02:34:03 +0000  479 bytes for ./IQKeyboardManager.bundle/zh-Hans/IQKeyboardManager.strings
2018-04-13 02:34:03 +0000  copying file ./IQKeyboardManager.bundle/zh-Hant/IQKeyboardManager.strings ... 
2018-04-13 02:34:03 +0000  479 bytes for ./IQKeyboardManager.bundle/zh-Hant/IQKeyboardManager.strings
2018-04-13 02:34:03 +0000  copying file ./listDemo ... 
2018-04-13 02:34:03 +0000  1017312 bytes for ./listDemo
2018-04-13 02:34:03 +0000  copying file ./ListViewController~ipad.nib/objects-8.0+.nib ... 
2018-04-13 02:34:03 +0000  2394 bytes for ./ListViewController~ipad.nib/objects-8.0+.nib
copying file ./ListViewController~ipad.nib/runtime.nib ... 
2018-04-13 02:34:03 +0000  2395 bytes for ./ListViewController~ipad.nib/runtime.nib
2018-04-13 02:34:03 +0000  copying file ./ListViewController~iphone.nib/objects-8.0+.nib ... 
2018-04-13 02:34:03 +0000  2390 bytes for ./ListViewController~iphone.nib/objects-8.0+.nib
copying file ./ListViewController~iphone.nib/runtime.nib ... 
2018-04-13 02:34:03 +0000  2394 bytes for ./ListViewController~iphone.nib/runtime.nib
2018-04-13 02:34:03 +0000  copying file ./mydata.json ... 
2018-04-13 02:34:03 +0000  2704 bytes for ./mydata.json
2018-04-13 02:34:03 +0000  copying file ./NetViewController~ipad.nib/objects-8.0+.nib ... 
2018-04-13 02:34:03 +0000  2034 bytes for ./NetViewController~ipad.nib/objects-8.0+.nib
2018-04-13 02:34:03 +0000  copying file ./NetViewController~ipad.nib/runtime.nib ... 
2018-04-13 02:34:03 +0000  2034 bytes for ./NetViewController~ipad.nib/runtime.nib
2018-04-13 02:34:03 +0000  copying file ./NetViewController~iphone.nib/objects-8.0+.nib ... 
2018-04-13 02:34:03 +0000  2034 bytes for ./NetViewController~iphone.nib/objects-8.0+.nib
2018-04-13 02:34:03 +0000  copying file ./NetViewController~iphone.nib/runtime.nib ... 
2018-04-13 02:34:03 +0000  2034 bytes for ./NetViewController~iphone.nib/runtime.nib
2018-04-13 02:34:03 +0000  copying file ./PkgInfo ... 
2018-04-13 02:34:03 +0000  8 bytes for ./PkgInfo
copying file ./Testdata.json ... 
2018-04-13 02:34:03 +0000  4877 bytes for ./Testdata.json
2018-04-13 02:34:03 +0000  copying file ./Testdata.plist ... 
2018-04-13 02:34:03 +0000  1873 bytes for ./Testdata.plist
2018-04-13 02:34:03 +0000 [MT] /usr/bin/ditto exited with 0
2018-04-13 02:34:03 +0000 [MT] Processing step: IDEDistributionEmbedProfileStep
2018-04-13 02:34:03 +0000 [MT] Processing step: IDEDistributionAppThinningPlistStep
2018-04-13 02:34:03 +0000 [MT] Skipping step: IDEDistributionAppThinningPlistStep because it said so
2018-04-13 02:34:03 +0000 [MT] Processing step: IDEDistributionCompileBitcodeStep
2018-04-13 02:34:03 +0000 [MT] Skipping step: IDEDistributionCompileBitcodeStep because it said so
2018-04-13 02:34:03 +0000 [MT] Processing step: IDEDistributionCodeSlimmingStep
2018-04-13 02:34:03 +0000 [MT] Processing step: IDEDistributionCopyBCSymbolMapsStep
2018-04-13 02:34:03 +0000 [MT] Skipping step: IDEDistributionCopyBCSymbolMapsStep because it said so
2018-04-13 02:34:03 +0000 [MT] Processing step: IDEDistributionSymbolsStep
2018-04-13 02:34:03 +0000 [MT] Skipping step: IDEDistributionSymbolsStep because it said so
2018-04-13 02:34:03 +0000 [MT] Processing step: IDEDistributionAppThinningStep
2018-04-13 02:34:03 +0000 [MT] Skipping step: IDEDistributionAppThinningStep because it said so
2018-04-13 02:34:03 +0000 [MT] Processing step: IDEDistributionODRStep
2018-04-13 02:34:03 +0000 [MT] Processing step: IDEDistributionStripXattrsStep
2018-04-13 02:34:03 +0000 [MT] Running /usr/bin/xattr '-cr' '/var/folders/jl/jq8_sx3n6hs_gxbfbp_bf0x40000gn/T/XcodeDistPipeline.dAT/Root/Payload/listDemo.app'
2018-04-13 02:34:03 +0000 [MT] /usr/bin/xattr exited with 0
2018-04-13 02:34:03 +0000 [MT] Processing step: IDEDistributionCodesignStep
2018-04-13 02:34:03 +0000 [MT] Applying entitlements delta for <IDEDistributionItem: 0x7fd9a74c91e0 'com.bitone.allApp' '<DVTFilePath:0x7fd9a7461aa0:'/Users/Y.C.Lian/Documents/demo/CJDemo/listDemo/Archiving/com.bitone.allApp/listDemo_1_0_0/2018_04_13_10:33:45/listDemo_1_0_0.xcarchive/Products/Applications/listDemo.app'>'> from <IDEiCloudEntitlementsProcessor: 0x7fd9ac362e30>: {
}
2018-04-13 02:34:03 +0000 [MT] Entitlements for <IDEDistributionItem: 0x7fd9a74c91e0 'com.bitone.allApp' '<DVTFilePath:0x7fd9a7461aa0:'/Users/Y.C.Lian/Documents/demo/CJDemo/listDemo/Archiving/com.bitone.allApp/listDemo_1_0_0/2018_04_13_10:33:45/listDemo_1_0_0.xcarchive/Products/Applications/listDemo.app'>'>: {
    "application-identifier" = "Q5338JDB3Q.com.bitone.allApp";
    "com.apple.developer.team-identifier" = 77MMW6NR5H;
    "get-task-allow" = 0;
    "keychain-access-groups" =     (
        "Q5338JDB3Q.com.bitone.allApp"
    );
}
2018-04-13 02:34:03 +0000 [MT] Writing entitlements for <IDEDistributionItem: 0x7fd9a74c91e0 'com.bitone.allApp' '<DVTFilePath:0x7fd9a7461aa0:'/Users/Y.C.Lian/Documents/demo/CJDemo/listDemo/Archiving/com.bitone.allApp/listDemo_1_0_0/2018_04_13_10:33:45/listDemo_1_0_0.xcarchive/Products/Applications/listDemo.app'>'> to: /var/folders/jl/jq8_sx3n6hs_gxbfbp_bf0x40000gn/T/XcodeDistPipeline.dAT/entitlementsIiYIzS
2018-04-13 02:34:03 +0000 [MT] Running /usr/bin/codesign '-vvv' '--force' '--sign' 'C08A2CF12948BB6C52D92131A28B61D327F671A9' '--preserve-metadata=identifier,flags' '--entitlements' '/var/folders/jl/jq8_sx3n6hs_gxbfbp_bf0x40000gn/T/XcodeDistPipeline.dAT/entitlementsIiYIzS' '/var/folders/jl/jq8_sx3n6hs_gxbfbp_bf0x40000gn/T/XcodeDistPipeline.dAT/Root/Payload/listDemo.app'
2018-04-13 02:34:04 +0000  /var/folders/jl/jq8_sx3n6hs_gxbfbp_bf0x40000gn/T/XcodeDistPipeline.dAT/Root/Payload/listDemo.app: replacing existing signature
2018-04-13 02:34:04 +0000  /var/folders/jl/jq8_sx3n6hs_gxbfbp_bf0x40000gn/T/XcodeDistPipeline.dAT/Root/Payload/listDemo.app: signed app bundle with Mach-O universal (armv7 arm64) [com.bitone.allApp]
2018-04-13 02:34:04 +0000 [MT] /usr/bin/codesign exited with 0
2018-04-13 02:34:04 +0000 [MT] Processing step: IDEDistributionStreamingZipItemStep
2018-04-13 02:34:04 +0000 [MT] Skipping step: IDEDistributionStreamingZipItemStep because it said so
2018-04-13 02:34:04 +0000 [MT] Processing step: IDEDistributionCreateIPAStep
2018-04-13 02:34:04 +0000 [MT] Running /usr/bin/ditto '-V' '-c' '-k' '--norsrc' '/var/folders/jl/jq8_sx3n6hs_gxbfbp_bf0x40000gn/T/XcodeDistPipeline.dAT/Root' '/var/folders/jl/jq8_sx3n6hs_gxbfbp_bf0x40000gn/T/XcodeDistPipeline.dAT/Packages/listDemo.ipa'
2018-04-13 02:34:04 +0000  >>> Copying /var/folders/jl/jq8_sx3n6hs_gxbfbp_bf0x40000gn/T/XcodeDistPipeline.dAT/Root 
2018-04-13 02:34:04 +0000  copying file ./Payload/listDemo.app/_CodeSignature/CodeResources ... 
2018-04-13 02:34:04 +0000  18489 bytes for ./Payload/listDemo.app/_CodeSignature/CodeResources
2018-04-13 02:34:04 +0000  copying file ./Payload/listDemo.app/archived-expanded-entitlements.xcent ... 
372 bytes for ./Payload/listDemo.app/archived-expanded-entitlements.xcent
copying file ./Payload/listDemo.app/Base.lproj/LaunchScreen.storyboardc/01J-lp-oVM-view-Ze5-6b-2t3.nib ... 
2018-04-13 02:34:04 +0000  1790 bytes for ./Payload/listDemo.app/Base.lproj/LaunchScreen.storyboardc/01J-lp-oVM-view-Ze5-6b-2t3.nib
copying file ./Payload/listDemo.app/Base.lproj/LaunchScreen.storyboardc/Info.plist ... 
2018-04-13 02:34:04 +0000  258 bytes for ./Payload/listDemo.app/Base.lproj/LaunchScreen.storyboardc/Info.plist
copying file ./Payload/listDemo.app/Base.lproj/LaunchScreen.storyboardc/UIViewController-01J-lp-oVM.nib ... 
2018-04-13 02:34:04 +0000  832 bytes for ./Payload/listDemo.app/Base.lproj/LaunchScreen.storyboardc/UIViewController-01J-lp-oVM.nib
copying file ./Payload/listDemo.app/Base.lproj/Main.storyboardc/BYZ-38-t0r-view-8bC-Xf-vdC~ipad.nib/objects-8.0+.nib ... 
2018-04-13 02:34:04 +0000  3606 bytes for ./Payload/listDemo.app/Base.lproj/Main.storyboardc/BYZ-38-t0r-view-8bC-Xf-vdC~ipad.nib/objects-8.0+.nib
copying file ./Payload/listDemo.app/Base.lproj/Main.storyboardc/BYZ-38-t0r-view-8bC-Xf-vdC~ipad.nib/runtime.nib ... 
2018-04-13 02:34:04 +0000  3604 bytes for ./Payload/listDemo.app/Base.lproj/Main.storyboardc/BYZ-38-t0r-view-8bC-Xf-vdC~ipad.nib/runtime.nib
2018-04-13 02:34:04 +0000  copying file ./Payload/listDemo.app/Base.lproj/Main.storyboardc/BYZ-38-t0r-view-8bC-Xf-vdC~iphone.nib/objects-8.0+.nib ... 
2018-04-13 02:34:04 +0000  3598 bytes for ./Payload/listDemo.app/Base.lproj/Main.storyboardc/BYZ-38-t0r-view-8bC-Xf-vdC~iphone.nib/objects-8.0+.nib
copying file ./Payload/listDemo.app/Base.lproj/Main.storyboardc/BYZ-38-t0r-view-8bC-Xf-vdC~iphone.nib/runtime.nib ... 
2018-04-13 02:34:04 +0000  3601 bytes for ./Payload/listDemo.app/Base.lproj/Main.storyboardc/BYZ-38-t0r-view-8bC-Xf-vdC~iphone.nib/runtime.nib
2018-04-13 02:34:04 +0000  copying file ./Payload/listDemo.app/Base.lproj/Main.storyboardc/UINavigationController-zuf-c2-BKH~ipad.nib/objects-8.0+.nib ... 
2018-04-13 02:34:04 +0000  1816 bytes for ./Payload/listDemo.app/Base.lproj/Main.storyboardc/UINavigationController-zuf-c2-BKH~ipad.nib/objects-8.0+.nib
copying file ./Payload/listDemo.app/Base.lproj/Main.storyboardc/UINavigationController-zuf-c2-BKH~ipad.nib/runtime.nib ... 
2018-04-13 02:34:04 +0000  1816 bytes for ./Payload/listDemo.app/Base.lproj/Main.storyboardc/UINavigationController-zuf-c2-BKH~ipad.nib/runtime.nib
2018-04-13 02:34:04 +0000  copying file ./Payload/listDemo.app/Base.lproj/Main.storyboardc/UINavigationController-zuf-c2-BKH~iphone.nib/objects-8.0+.nib ... 
2018-04-13 02:34:04 +0000  1723 bytes for ./Payload/listDemo.app/Base.lproj/Main.storyboardc/UINavigationController-zuf-c2-BKH~iphone.nib/objects-8.0+.nib
copying file ./Payload/listDemo.app/Base.lproj/Main.storyboardc/UINavigationController-zuf-c2-BKH~iphone.nib/runtime.nib ... 
2018-04-13 02:34:04 +0000  1723 bytes for ./Payload/listDemo.app/Base.lproj/Main.storyboardc/UINavigationController-zuf-c2-BKH~iphone.nib/runtime.nib
2018-04-13 02:34:04 +0000  copying file ./Payload/listDemo.app/Base.lproj/Main~ipad.storyboardc/Info-8.0+.plist ... 
2018-04-13 02:34:04 +0000  276 bytes for ./Payload/listDemo.app/Base.lproj/Main~ipad.storyboardc/Info-8.0+.plist
copying file ./Payload/listDemo.app/Base.lproj/Main~ipad.storyboardc/Info.plist ... 
276 bytes for ./Payload/listDemo.app/Base.lproj/Main~ipad.storyboardc/Info.plist
2018-04-13 02:34:04 +0000  copying file ./Payload/listDemo.app/Base.lproj/Main~iphone.storyboardc/Info-8.0+.plist ... 
276 bytes for ./Payload/listDemo.app/Base.lproj/Main~iphone.storyboardc/Info-8.0+.plist
copying file ./Payload/listDemo.app/Base.lproj/Main~iphone.storyboardc/Info.plist ... 
2018-04-13 02:34:04 +0000  276 bytes for ./Payload/listDemo.app/Base.lproj/Main~iphone.storyboardc/Info.plist
copying file ./Payload/listDemo.app/embedded.mobileprovision ... 
2018-04-13 02:34:04 +0000  7551 bytes for ./Payload/listDemo.app/embedded.mobileprovision
2018-04-13 02:34:04 +0000  copying file ./Payload/listDemo.app/icon_weixuanze_nor@2x.png ... 
2018-04-13 02:34:04 +0000  207 bytes for ./Payload/listDemo.app/icon_weixuanze_nor@2x.png
copying file ./Payload/listDemo.app/icon_weixuanze_nor@3x.png ... 
2018-04-13 02:34:04 +0000  299 bytes for ./Payload/listDemo.app/icon_weixuanze_nor@3x.png
copying file ./Payload/listDemo.app/icon_xuanze_nor@2x.png ... 
2018-04-13 02:34:04 +0000  579 bytes for ./Payload/listDemo.app/icon_xuanze_nor@2x.png
copying file ./Payload/listDemo.app/icon_xuanze_nor@3x.png ... 
2018-04-13 02:34:04 +0000  779 bytes for ./Payload/listDemo.app/icon_xuanze_nor@3x.png
copying file ./Payload/listDemo.app/Info.plist ... 
2018-04-13 02:34:04 +0000  1203 bytes for ./Payload/listDemo.app/Info.plist
2018-04-13 02:34:04 +0000  copying file ./Payload/listDemo.app/IQKeyboardManager.bundle/de.lproj/IQKeyboardManager.strings ... 
2018-04-13 02:34:04 +0000  489 bytes for ./Payload/listDemo.app/IQKeyboardManager.bundle/de.lproj/IQKeyboardManager.strings
copying file ./Payload/listDemo.app/IQKeyboardManager.bundle/en.lproj/IQKeyboardManager.strings ... 
2018-04-13 02:34:04 +0000  474 bytes for ./Payload/listDemo.app/IQKeyboardManager.bundle/en.lproj/IQKeyboardManager.strings
2018-04-13 02:34:04 +0000  copying file ./Payload/listDemo.app/IQKeyboardManager.bundle/es.lproj/IQKeyboardManager.strings ... 
496 bytes for ./Payload/listDemo.app/IQKeyboardManager.bundle/es.lproj/IQKeyboardManager.strings
2018-04-13 02:34:04 +0000  copying file ./Payload/listDemo.app/IQKeyboardManager.bundle/fr.lproj/IQKeyboardManager.strings ... 
497 bytes for ./Payload/listDemo.app/IQKeyboardManager.bundle/fr.lproj/IQKeyboardManager.strings
2018-04-13 02:34:04 +0000  copying file ./Payload/listDemo.app/IQKeyboardManager.bundle/IQButtonBarArrowLeft.png ... 
2018-04-13 02:34:04 +0000  886 bytes for ./Payload/listDemo.app/IQKeyboardManager.bundle/IQButtonBarArrowLeft.png
copying file ./Payload/listDemo.app/IQKeyboardManager.bundle/IQButtonBarArrowLeft@2x.png ... 
2018-04-13 02:34:04 +0000  1793 bytes for ./Payload/listDemo.app/IQKeyboardManager.bundle/IQButtonBarArrowLeft@2x.png
copying file ./Payload/listDemo.app/IQKeyboardManager.bundle/IQButtonBarArrowLeft@3x.png ... 
2018-04-13 02:34:04 +0000  1815 bytes for ./Payload/listDemo.app/IQKeyboardManager.bundle/IQButtonBarArrowLeft@3x.png
copying file ./Payload/listDemo.app/IQKeyboardManager.bundle/IQButtonBarArrowRight.png ... 
2018-04-13 02:34:04 +0000  943 bytes for ./Payload/listDemo.app/IQKeyboardManager.bundle/IQButtonBarArrowRight.png
copying file ./Payload/listDemo.app/IQKeyboardManager.bundle/IQButtonBarArrowRight@2x.png ... 
2018-04-13 02:34:04 +0000  1786 bytes for ./Payload/listDemo.app/IQKeyboardManager.bundle/IQButtonBarArrowRight@2x.png
copying file ./Payload/listDemo.app/IQKeyboardManager.bundle/IQButtonBarArrowRight@3x.png ... 
2018-04-13 02:34:04 +0000  1844 bytes for ./Payload/listDemo.app/IQKeyboardManager.bundle/IQButtonBarArrowRight@3x.png
2018-04-13 02:34:04 +0000  copying file ./Payload/listDemo.app/IQKeyboardManager.bundle/zh-Hans/IQKeyboardManager.strings ... 
2018-04-13 02:34:04 +0000  479 bytes for ./Payload/listDemo.app/IQKeyboardManager.bundle/zh-Hans/IQKeyboardManager.strings
2018-04-13 02:34:04 +0000  copying file ./Payload/listDemo.app/IQKeyboardManager.bundle/zh-Hant/IQKeyboardManager.strings ... 
2018-04-13 02:34:04 +0000  479 bytes for ./Payload/listDemo.app/IQKeyboardManager.bundle/zh-Hant/IQKeyboardManager.strings
copying file ./Payload/listDemo.app/listDemo ... 
2018-04-13 02:34:04 +0000  1017312 bytes for ./Payload/listDemo.app/listDemo
2018-04-13 02:34:04 +0000  copying file ./Payload/listDemo.app/ListViewController~ipad.nib/objects-8.0+.nib ... 
2394 bytes for ./Payload/listDemo.app/ListViewController~ipad.nib/objects-8.0+.nib
copying file ./Payload/listDemo.app/ListViewController~ipad.nib/runtime.nib ... 
2018-04-13 02:34:04 +0000  2395 bytes for ./Payload/listDemo.app/ListViewController~ipad.nib/runtime.nib
2018-04-13 02:34:04 +0000  copying file ./Payload/listDemo.app/ListViewController~iphone.nib/objects-8.0+.nib ... 
2018-04-13 02:34:04 +0000  2390 bytes for ./Payload/listDemo.app/ListViewController~iphone.nib/objects-8.0+.nib
copying file ./Payload/listDemo.app/ListViewController~iphone.nib/runtime.nib ... 
2018-04-13 02:34:04 +0000  2394 bytes for ./Payload/listDemo.app/ListViewController~iphone.nib/runtime.nib
2018-04-13 02:34:04 +0000  copying file ./Payload/listDemo.app/mydata.json ... 
2018-04-13 02:34:04 +0000  2704 bytes for ./Payload/listDemo.app/mydata.json
copying file ./Payload/listDemo.app/NetViewController~ipad.nib/objects-8.0+.nib ... 
2018-04-13 02:34:04 +0000  2034 bytes for ./Payload/listDemo.app/NetViewController~ipad.nib/objects-8.0+.nib
copying file ./Payload/listDemo.app/NetViewController~ipad.nib/runtime.nib ... 
2018-04-13 02:34:04 +0000  2034 bytes for ./Payload/listDemo.app/NetViewController~ipad.nib/runtime.nib
2018-04-13 02:34:04 +0000  copying file ./Payload/listDemo.app/NetViewController~iphone.nib/objects-8.0+.nib ... 
2018-04-13 02:34:04 +0000  2034 bytes for ./Payload/listDemo.app/NetViewController~iphone.nib/objects-8.0+.nib
copying file ./Payload/listDemo.app/NetViewController~iphone.nib/runtime.nib ... 
2018-04-13 02:34:04 +0000  2034 bytes for ./Payload/listDemo.app/NetViewController~iphone.nib/runtime.nib
2018-04-13 02:34:04 +0000  copying file ./Payload/listDemo.app/PkgInfo ... 
8 bytes for ./Payload/listDemo.app/PkgInfo
copying file ./Payload/listDemo.app/Testdata.json ... 
2018-04-13 02:34:04 +0000  4877 bytes for ./Payload/listDemo.app/Testdata.json
copying file ./Payload/listDemo.app/Testdata.plist ... 
2018-04-13 02:34:04 +0000  1873 bytes for ./Payload/listDemo.app/Testdata.plist
2018-04-13 02:34:04 +0000 [MT] /usr/bin/ditto exited with 0
2018-04-13 02:34:04 +0000 [MT] Processing step: IDEDistributionCreateManifestStep
